<?xml version="1.0" encoding="UTF-8"?>
<testsuites name="jest tests" tests="3" failures="0" errors="0" time="1.973">
  <testsuite name="Microservice Paiement" errors="0" failures="0" skipped="0" timestamp="2025-06-09T11:39:50" time="1.84" tests="3">
    <testcase classname="Microservice Paiement GET /api/health devrait retourner 200 et le statut OK" name="Microservice Paiement GET /api/health devrait retourner 200 et le statut OK" time="0.162">
    </testcase>
    <testcase classname="Microservice Paiement POST /api/paiements devrait créer un paiement valide (201)" name="Microservice Paiement POST /api/paiements devrait créer un paiement valide (201)" time="0.236">
    </testcase>
    <testcase classname="Microservice Paiement POST /api/paiements devrait refuser un montant invalide (400)" name="Microservice Paiement POST /api/paiements devrait refuser un montant invalide (400)" time="0.033">
    </testcase>
  </testsuite>
</testsuites>